DEPRECATION WARNING: ActiveRecord::Base.raise_in_transactional_callbacks= is deprecated, has no effect and will be removed without replacement. (called from <top (required)> at /home/marcos/proyectosfinal/navajas/app/models/application_record.rb:1)
  [1m[35m (71.4ms)[0m  [1m[35mCREATE TABLE "schema_migrations" ("version" varchar NOT NULL PRIMARY KEY)[0m
  [1m[35m (63.8ms)[0m  [1m[35mCREATE TABLE "ar_internal_metadata" ("key" varchar NOT NULL PRIMARY KEY, "value" varchar, "created_at" datetime NOT NULL, "updated_at" datetime NOT NULL)[0m
  [1m[36mActiveRecord::SchemaMigration Load (0.1ms)[0m  [1m[34mSELECT "schema_migrations".* FROM "schema_migrations"[0m
Migrating to DeviseCreateUsers (20170113170114)
  [1m[35m (0.0ms)[0m  [1m[36mbegin transaction[0m
  [1m[35m (0.2ms)[0m  [1m[35mCREATE TABLE "users" ("id" INTEGER PRIMARY KEY AUTOINCREMENT NOT NULL, "email" varchar DEFAULT '' NOT NULL, "encrypted_password" varchar DEFAULT '' NOT NULL, "reset_password_token" varchar, "reset_password_sent_at" datetime, "remember_created_at" datetime, "sign_in_count" integer DEFAULT 0 NOT NULL, "current_sign_in_at" datetime, "last_sign_in_at" datetime, "current_sign_in_ip" varchar, "last_sign_in_ip" varchar, "created_at" datetime NOT NULL, "updated_at" datetime NOT NULL)[0m
  [1m[35m (0.0ms)[0m  [1m[34mselect sqlite_version(*)[0m
  [1m[35m (0.1ms)[0m  [1m[35mCREATE UNIQUE INDEX "index_users_on_email" ON "users" ("email")[0m
  [1m[35m (0.1ms)[0m  [1m[34m            SELECT sql
            FROM sqlite_master
            WHERE name='index_users_on_email' AND type='index'
            UNION ALL
            SELECT sql
            FROM sqlite_temp_master
            WHERE name='index_users_on_email' AND type='index'
[0m
  [1m[35m (0.2ms)[0m  [1m[35mCREATE UNIQUE INDEX "index_users_on_reset_password_token" ON "users" ("reset_password_token")[0m
  [1m[35mSQL (0.1ms)[0m  [1m[32mINSERT INTO "schema_migrations" ("version") VALUES (?)[0m  [["version", "20170113170114"]]
  [1m[35m (130.0ms)[0m  [1m[36mcommit transaction[0m
Migrating to CreateMyemails (20170214151326)
  [1m[35m (0.1ms)[0m  [1m[36mbegin transaction[0m
  [1m[35m (0.2ms)[0m  [1m[35mCREATE TABLE "myemails" ("id" INTEGER PRIMARY KEY AUTOINCREMENT NOT NULL, "email" varchar, "ip" varchar, "state" integer, "created_at" datetime NOT NULL, "updated_at" datetime NOT NULL)[0m
  [1m[35mSQL (0.1ms)[0m  [1m[32mINSERT INTO "schema_migrations" ("version") VALUES (?)[0m  [["version", "20170214151326"]]
  [1m[35m (73.4ms)[0m  [1m[36mcommit transaction[0m
Migrating to CreateProducts (20170214210936)
  [1m[35m (0.0ms)[0m  [1m[36mbegin transaction[0m
  [1m[35m (0.2ms)[0m  [1m[35mCREATE TABLE "products" ("id" INTEGER PRIMARY KEY AUTOINCREMENT NOT NULL, "name" varchar, "pricing" integer, "description" text, "stock" integer, "user_id" integer, "avatar_file_name" varchar, "avatar_content_type" varchar, "avatar_file_size" integer, "avatar_updated_at" datetime, "created_at" datetime NOT NULL, "updated_at" datetime NOT NULL)[0m
  [1m[35m (0.1ms)[0m  [1m[35mCREATE  INDEX "index_products_on_user_id" ON "products" ("user_id")[0m
  [1m[35mSQL (0.1ms)[0m  [1m[32mINSERT INTO "schema_migrations" ("version") VALUES (?)[0m  [["version", "20170214210936"]]
  [1m[35m (72.8ms)[0m  [1m[36mcommit transaction[0m
Migrating to CreateShoppingCarts (20170218220453)
  [1m[35m (0.0ms)[0m  [1m[36mbegin transaction[0m
  [1m[35m (0.2ms)[0m  [1m[35mCREATE TABLE "shopping_carts" ("id" INTEGER PRIMARY KEY AUTOINCREMENT NOT NULL, "status" integer DEFAULT 0, "ip" varchar, "created_at" datetime NOT NULL, "updated_at" datetime NOT NULL)[0m
  [1m[35mSQL (0.1ms)[0m  [1m[32mINSERT INTO "schema_migrations" ("version") VALUES (?)[0m  [["version", "20170218220453"]]
  [1m[35m (65.9ms)[0m  [1m[36mcommit transaction[0m
Migrating to CreateInShoppingCarts (20170218220817)
  [1m[35m (0.1ms)[0m  [1m[36mbegin transaction[0m
  [1m[35m (0.2ms)[0m  [1m[35mCREATE TABLE "in_shopping_carts" ("id" INTEGER PRIMARY KEY AUTOINCREMENT NOT NULL, "product_id" integer, "shopping_cart_id" integer, "created_at" datetime NOT NULL, "updated_at" datetime NOT NULL)[0m
  [1m[35m (0.1ms)[0m  [1m[35mCREATE  INDEX "index_in_shopping_carts_on_product_id" ON "in_shopping_carts" ("product_id")[0m
  [1m[35m (0.0ms)[0m  [1m[34m            SELECT sql
            FROM sqlite_master
            WHERE name='index_in_shopping_carts_on_product_id' AND type='index'
            UNION ALL
            SELECT sql
            FROM sqlite_temp_master
            WHERE name='index_in_shopping_carts_on_product_id' AND type='index'
[0m
  [1m[35m (0.1ms)[0m  [1m[35mCREATE  INDEX "index_in_shopping_carts_on_shopping_cart_id" ON "in_shopping_carts" ("shopping_cart_id")[0m
  [1m[35mSQL (0.1ms)[0m  [1m[32mINSERT INTO "schema_migrations" ("version") VALUES (?)[0m  [["version", "20170218220817"]]
  [1m[35m (56.8ms)[0m  [1m[36mcommit transaction[0m
Migrating to AddColumnUserToShoppingCarts (20170220225234)
  [1m[35m (0.0ms)[0m  [1m[36mbegin transaction[0m
  [1m[35m (0.2ms)[0m  [1m[35mALTER TABLE "shopping_carts" ADD "user_id" integer[0m
  [1m[35m (0.1ms)[0m  [1m[35mCREATE  INDEX "index_shopping_carts_on_user_id" ON "shopping_carts" ("user_id")[0m
  [1m[35mSQL (0.1ms)[0m  [1m[32mINSERT INTO "schema_migrations" ("version") VALUES (?)[0m  [["version", "20170220225234"]]
  [1m[35m (56.6ms)[0m  [1m[36mcommit transaction[0m
Migrating to AddColumnCategoriaToProducts (20170222050516)
  [1m[35m (0.0ms)[0m  [1m[36mbegin transaction[0m
  [1m[35m (0.2ms)[0m  [1m[35mALTER TABLE "products" ADD "categoria" varchar[0m
  [1m[35mSQL (0.1ms)[0m  [1m[32mINSERT INTO "schema_migrations" ("version") VALUES (?)[0m  [["version", "20170222050516"]]
  [1m[35m (40.3ms)[0m  [1m[36mcommit transaction[0m
  [1m[36mActiveRecord::InternalMetadata Load (0.1ms)[0m  [1m[34mSELECT  "ar_internal_metadata".* FROM "ar_internal_metadata" WHERE "ar_internal_metadata"."key" = ? LIMIT ?[0m  [["key", :environment], ["LIMIT", 1]]
  [1m[35m (0.1ms)[0m  [1m[36mbegin transaction[0m
  [1m[35mSQL (0.2ms)[0m  [1m[32mINSERT INTO "ar_internal_metadata" ("key", "value", "created_at", "updated_at") VALUES (?, ?, ?, ?)[0m  [["key", "environment"], ["value", "development"], ["created_at", 2017-02-22 16:39:32 UTC], ["updated_at", 2017-02-22 16:39:32 UTC]]
  [1m[35m (34.8ms)[0m  [1m[36mcommit transaction[0m
  [1m[36mActiveRecord::SchemaMigration Load (0.1ms)[0m  [1m[34mSELECT "schema_migrations".* FROM "schema_migrations"[0m
  [1m[35m (0.1ms)[0m  [1m[34m            SELECT sql
            FROM sqlite_master
            WHERE name='index_in_shopping_carts_on_shopping_cart_id' AND type='index'
            UNION ALL
            SELECT sql
            FROM sqlite_temp_master
            WHERE name='index_in_shopping_carts_on_shopping_cart_id' AND type='index'
[0m
  [1m[35m (0.1ms)[0m  [1m[34m            SELECT sql
            FROM sqlite_master
            WHERE name='index_in_shopping_carts_on_product_id' AND type='index'
            UNION ALL
            SELECT sql
            FROM sqlite_temp_master
            WHERE name='index_in_shopping_carts_on_product_id' AND type='index'
[0m
  [1m[35m (0.1ms)[0m  [1m[34m            SELECT sql
            FROM sqlite_master
            WHERE name='index_products_on_user_id' AND type='index'
            UNION ALL
            SELECT sql
            FROM sqlite_temp_master
            WHERE name='index_products_on_user_id' AND type='index'
[0m
  [1m[35m (0.1ms)[0m  [1m[34m            SELECT sql
            FROM sqlite_master
            WHERE name='index_shopping_carts_on_user_id' AND type='index'
            UNION ALL
            SELECT sql
            FROM sqlite_temp_master
            WHERE name='index_shopping_carts_on_user_id' AND type='index'
[0m
  [1m[35m (0.1ms)[0m  [1m[34m            SELECT sql
            FROM sqlite_master
            WHERE name='index_users_on_reset_password_token' AND type='index'
            UNION ALL
            SELECT sql
            FROM sqlite_temp_master
            WHERE name='index_users_on_reset_password_token' AND type='index'
[0m
  [1m[35m (0.1ms)[0m  [1m[34m            SELECT sql
            FROM sqlite_master
            WHERE name='index_users_on_email' AND type='index'
            UNION ALL
            SELECT sql
            FROM sqlite_temp_master
            WHERE name='index_users_on_email' AND type='index'
[0m
DEPRECATION WARNING: ActiveRecord::Base.raise_in_transactional_callbacks= is deprecated, has no effect and will be removed without replacement. (called from <top (required)> at /home/marcos/proyectosfinal/navajas/app/models/application_record.rb:1)
Started GET "/" for 127.0.0.1 at 2017-02-22 13:39:39 -0300
  [1m[36mActiveRecord::SchemaMigration Load (0.1ms)[0m  [1m[34mSELECT "schema_migrations".* FROM "schema_migrations"[0m
Processing by WelcomeController#unregistered as HTML
  [1m[35m (0.0ms)[0m  [1m[36mbegin transaction[0m
  [1m[35mSQL (0.2ms)[0m  [1m[32mINSERT INTO "shopping_carts" ("ip", "created_at", "updated_at") VALUES (?, ?, ?)[0m  [["ip", "127.0.0.1"], ["created_at", 2017-02-22 16:39:39 UTC], ["updated_at", 2017-02-22 16:39:39 UTC]]
  [1m[35m (35.7ms)[0m  [1m[36mcommit transaction[0m
  Rendering welcome/unregistered.haml within layouts/landing
  Rendered welcome/unregistered.haml within layouts/landing (3712.0ms)
Completed 200 OK in 3856ms (Views: 3810.9ms | ActiveRecord: 36.4ms)


Started GET "/auto/register/sign_up" for 127.0.0.1 at 2017-02-22 13:39:50 -0300
Processing by Devise::RegistrationsController#new as HTML
  [1m[36mShoppingCart Load (0.4ms)[0m  [1m[34mSELECT  "shopping_carts".* FROM "shopping_carts" WHERE "shopping_carts"."id" = ? LIMIT ?[0m  [["id", 1], ["LIMIT", 1]]
  Rendering devise/registrations/new.html.erb within layouts/application
  Rendered devise/shared/_links.html.erb (0.9ms)
  Rendered devise/registrations/new.html.erb within layouts/application (36.3ms)
  [1m[35m (0.1ms)[0m  [1m[34mSELECT COUNT(*) FROM "products" INNER JOIN "in_shopping_carts" ON "products"."id" = "in_shopping_carts"."product_id" WHERE "in_shopping_carts"."shopping_cart_id" = ?[0m  [["shopping_cart_id", 1]]
  Rendered partials/_nav.haml (46.9ms)
Completed 200 OK in 171ms (Views: 138.8ms | ActiveRecord: 1.3ms)


Started GET "/auto/register/sign_up" for 127.0.0.1 at 2017-02-22 13:39:50 -0300
Processing by Devise::RegistrationsController#new as HTML
  [1m[36mShoppingCart Load (0.1ms)[0m  [1m[34mSELECT  "shopping_carts".* FROM "shopping_carts" WHERE "shopping_carts"."id" = ? LIMIT ?[0m  [["id", 1], ["LIMIT", 1]]
  Rendering devise/registrations/new.html.erb within layouts/application
  Rendered devise/shared/_links.html.erb (0.7ms)
  Rendered devise/registrations/new.html.erb within layouts/application (2.9ms)
  [1m[35m (0.1ms)[0m  [1m[34mSELECT COUNT(*) FROM "products" INNER JOIN "in_shopping_carts" ON "products"."id" = "in_shopping_carts"."product_id" WHERE "in_shopping_carts"."shopping_cart_id" = ?[0m  [["shopping_cart_id", 1]]
  Rendered partials/_nav.haml (4.0ms)
Completed 200 OK in 45ms (Views: 43.9ms | ActiveRecord: 0.3ms)


Started POST "/auto/register" for 127.0.0.1 at 2017-02-22 13:40:02 -0300
Processing by Devise::RegistrationsController#create as HTML
  Parameters: {"utf8"=>"✓", "authenticity_token"=>"kMN4oP97tkPgvWtF5pvI/4IiD7gD72NsiuXo9YDhJ6UsQFWVHnD7F7u8LBR2jIf/w5h09jWaBDeBLh1fpp0Q6w==", "user"=>{"email"=>"mgomez@icci.cl", "password"=>"[FILTERED]", "password_confirmation"=>"[FILTERED]"}, "commit"=>"Registrarse"}
  [1m[36mShoppingCart Load (0.3ms)[0m  [1m[34mSELECT  "shopping_carts".* FROM "shopping_carts" WHERE "shopping_carts"."id" = ? LIMIT ?[0m  [["id", 1], ["LIMIT", 1]]
  [1m[35m (0.1ms)[0m  [1m[36mbegin transaction[0m
  [1m[36mUser Exists (0.1ms)[0m  [1m[34mSELECT  1 AS one FROM "users" WHERE "users"."email" = ? LIMIT ?[0m  [["email", "mgomez@icci.cl"], ["LIMIT", 1]]
  [1m[35mSQL (0.5ms)[0m  [1m[32mINSERT INTO "users" ("email", "encrypted_password", "created_at", "updated_at") VALUES (?, ?, ?, ?)[0m  [["email", "mgomez@icci.cl"], ["encrypted_password", "$2a$11$UXmxbGgQkdFOuDlOBU3NPewRJ4JhG7g3Cw9Pts/KYya24.yFyEaz2"], ["created_at", 2017-02-22 16:40:02 UTC], ["updated_at", 2017-02-22 16:40:02 UTC]]
  [1m[35m (45.1ms)[0m  [1m[36mcommit transaction[0m
  [1m[35m (0.1ms)[0m  [1m[36mbegin transaction[0m
  [1m[35mSQL (0.2ms)[0m  [1m[33mUPDATE "users" SET "sign_in_count" = ?, "current_sign_in_at" = ?, "last_sign_in_at" = ?, "current_sign_in_ip" = ?, "last_sign_in_ip" = ?, "updated_at" = ? WHERE "users"."id" = ?[0m  [["sign_in_count", 1], ["current_sign_in_at", 2017-02-22 16:40:02 UTC], ["last_sign_in_at", 2017-02-22 16:40:02 UTC], ["current_sign_in_ip", "127.0.0.1"], ["last_sign_in_ip", "127.0.0.1"], ["updated_at", 2017-02-22 16:40:02 UTC], ["id", 1]]
  [1m[35m (46.2ms)[0m  [1m[36mcommit transaction[0m
Redirected to http://localhost:3000/
Completed 302 Found in 234ms (ActiveRecord: 92.5ms)


Started GET "/" for 127.0.0.1 at 2017-02-22 13:40:03 -0300
  [1m[36mUser Load (0.2ms)[0m  [1m[34mSELECT  "users".* FROM "users" WHERE "users"."id" = ? ORDER BY "users"."id" ASC LIMIT ?[0m  [["id", 1], ["LIMIT", 1]]
Processing by WelcomeController#index as HTML
  [1m[36mShoppingCart Load (0.1ms)[0m  [1m[34mSELECT  "shopping_carts".* FROM "shopping_carts" WHERE "shopping_carts"."id" = ? LIMIT ?[0m  [["id", 1], ["LIMIT", 1]]
  Rendering welcome/index.html.erb within layouts/application
  Rendered welcome/index.html.erb within layouts/application (0.6ms)
  [1m[35m (0.1ms)[0m  [1m[34mSELECT COUNT(*) FROM "products" INNER JOIN "in_shopping_carts" ON "products"."id" = "in_shopping_carts"."product_id" WHERE "in_shopping_carts"."shopping_cart_id" = ?[0m  [["shopping_cart_id", 1]]
  Rendered partials/_nav.haml (4.5ms)
Completed 200 OK in 33ms (Views: 32.4ms | ActiveRecord: 0.2ms)


Started GET "/products" for 127.0.0.1 at 2017-02-22 13:40:06 -0300
Processing by ProductsController#index as HTML
  Parameters: {"authenticity_token"=>"m4Rb1AnTQX79exI5aSosx/wJgQkTW3YoQooAkZVzzisnB3bh6NgMKqZ6VWj5PWPHvbP6RyUuEXNJQfU7sw/5ZQ=="}
  [1m[36mShoppingCart Load (0.4ms)[0m  [1m[34mSELECT  "shopping_carts".* FROM "shopping_carts" WHERE "shopping_carts"."id" = ? LIMIT ?[0m  [["id", 1], ["LIMIT", 1]]
  Rendering products/index.html.haml within layouts/application
  [1m[36mProduct Load (0.2ms)[0m  [1m[34mSELECT "products".* FROM "products"[0m
  Rendered products/index.html.haml within layouts/application (3.7ms)
  [1m[36mUser Load (0.2ms)[0m  [1m[34mSELECT  "users".* FROM "users" WHERE "users"."id" = ? ORDER BY "users"."id" ASC LIMIT ?[0m  [["id", 1], ["LIMIT", 1]]
  [1m[35m (0.1ms)[0m  [1m[34mSELECT COUNT(*) FROM "products" INNER JOIN "in_shopping_carts" ON "products"."id" = "in_shopping_carts"."product_id" WHERE "in_shopping_carts"."shopping_cart_id" = ?[0m  [["shopping_cart_id", 1]]
  Rendered partials/_nav.haml (5.0ms)
Completed 200 OK in 49ms (Views: 46.5ms | ActiveRecord: 0.9ms)


Started GET "/products/new" for 127.0.0.1 at 2017-02-22 13:40:08 -0300
Processing by ProductsController#new as HTML
  [1m[36mShoppingCart Load (0.1ms)[0m  [1m[34mSELECT  "shopping_carts".* FROM "shopping_carts" WHERE "shopping_carts"."id" = ? LIMIT ?[0m  [["id", 1], ["LIMIT", 1]]
  [1m[36mUser Load (0.1ms)[0m  [1m[34mSELECT  "users".* FROM "users" WHERE "users"."id" = ? ORDER BY "users"."id" ASC LIMIT ?[0m  [["id", 1], ["LIMIT", 1]]
  Rendering products/new.html.haml within layouts/application
  Rendered products/_form.html.haml (38.4ms)
  Rendered products/new.html.haml within layouts/application (41.1ms)
  [1m[35m (0.1ms)[0m  [1m[34mSELECT COUNT(*) FROM "products" INNER JOIN "in_shopping_carts" ON "products"."id" = "in_shopping_carts"."product_id" WHERE "in_shopping_carts"."shopping_cart_id" = ?[0m  [["shopping_cart_id", 1]]
  Rendered partials/_nav.haml (5.8ms)
Completed 200 OK in 92ms (Views: 84.1ms | ActiveRecord: 0.4ms)


Started GET "/products" for 127.0.0.1 at 2017-02-22 13:40:13 -0300
Processing by ProductsController#index as HTML
  [1m[36mShoppingCart Load (0.3ms)[0m  [1m[34mSELECT  "shopping_carts".* FROM "shopping_carts" WHERE "shopping_carts"."id" = ? LIMIT ?[0m  [["id", 1], ["LIMIT", 1]]
  Rendering products/index.html.haml within layouts/application
  [1m[36mProduct Load (0.2ms)[0m  [1m[34mSELECT "products".* FROM "products"[0m
  Rendered products/index.html.haml within layouts/application (3.9ms)
  [1m[36mUser Load (0.2ms)[0m  [1m[34mSELECT  "users".* FROM "users" WHERE "users"."id" = ? ORDER BY "users"."id" ASC LIMIT ?[0m  [["id", 1], ["LIMIT", 1]]
  [1m[35m (0.1ms)[0m  [1m[34mSELECT COUNT(*) FROM "products" INNER JOIN "in_shopping_carts" ON "products"."id" = "in_shopping_carts"."product_id" WHERE "in_shopping_carts"."shopping_cart_id" = ?[0m  [["shopping_cart_id", 1]]
  Rendered partials/_nav.haml (6.8ms)
Completed 200 OK in 57ms (Views: 54.9ms | ActiveRecord: 0.9ms)


Started GET "/products" for 127.0.0.1 at 2017-02-22 13:40:19 -0300
Processing by ProductsController#index as HTML
  Parameters: {"authenticity_token"=>"m4Rb1AnTQX79exI5aSosx/wJgQkTW3YoQooAkZVzzisnB3bh6NgMKqZ6VWj5PWPHvbP6RyUuEXNJQfU7sw/5ZQ=="}
  [1m[36mShoppingCart Load (0.2ms)[0m  [1m[34mSELECT  "shopping_carts".* FROM "shopping_carts" WHERE "shopping_carts"."id" = ? LIMIT ?[0m  [["id", 1], ["LIMIT", 1]]
  Rendering products/index.html.haml within layouts/application
  [1m[36mProduct Load (0.2ms)[0m  [1m[34mSELECT "products".* FROM "products"[0m
  Rendered products/index.html.haml within layouts/application (4.3ms)
  [1m[36mUser Load (0.2ms)[0m  [1m[34mSELECT  "users".* FROM "users" WHERE "users"."id" = ? ORDER BY "users"."id" ASC LIMIT ?[0m  [["id", 1], ["LIMIT", 1]]
  [1m[35m (0.1ms)[0m  [1m[34mSELECT COUNT(*) FROM "products" INNER JOIN "in_shopping_carts" ON "products"."id" = "in_shopping_carts"."product_id" WHERE "in_shopping_carts"."shopping_cart_id" = ?[0m  [["shopping_cart_id", 1]]
  Rendered partials/_nav.haml (5.3ms)
Completed 200 OK in 46ms (Views: 43.7ms | ActiveRecord: 0.6ms)


Started GET "/products/new" for 127.0.0.1 at 2017-02-22 13:40:20 -0300
Processing by ProductsController#new as HTML
  [1m[36mShoppingCart Load (0.1ms)[0m  [1m[34mSELECT  "shopping_carts".* FROM "shopping_carts" WHERE "shopping_carts"."id" = ? LIMIT ?[0m  [["id", 1], ["LIMIT", 1]]
  [1m[36mUser Load (0.2ms)[0m  [1m[34mSELECT  "users".* FROM "users" WHERE "users"."id" = ? ORDER BY "users"."id" ASC LIMIT ?[0m  [["id", 1], ["LIMIT", 1]]
  Rendering products/new.html.haml within layouts/application
  Rendered products/_form.html.haml (3.8ms)
  Rendered products/new.html.haml within layouts/application (5.5ms)
  [1m[35m (0.1ms)[0m  [1m[34mSELECT COUNT(*) FROM "products" INNER JOIN "in_shopping_carts" ON "products"."id" = "in_shopping_carts"."product_id" WHERE "in_shopping_carts"."shopping_cart_id" = ?[0m  [["shopping_cart_id", 1]]
  Rendered partials/_nav.haml (4.9ms)
Completed 200 OK in 50ms (Views: 47.7ms | ActiveRecord: 0.4ms)


Started POST "/products" for 127.0.0.1 at 2017-02-22 13:41:09 -0300
Processing by ProductsController#create as HTML
  Parameters: {"utf8"=>"✓", "authenticity_token"=>"LBKzQrKGKw8cZGIpYkWTqtDoOr63wM5etRgxWaq4O+1JzSIofu2NwiAe8D2lDoJj/67l4R8IZkPMdaLUmny2qw==", "product"=>{"name"=>"master", "pricing"=>"2", "categoria"=>"card", "avatar"=>#<ActionDispatch::Http::UploadedFile:0x007fc3c7ca1970 @tempfile=#<Tempfile:/tmp/RackMultipart20170222-4235-195p9q4.png>, @original_filename="mastercard_cc.png", @content_type="image/png", @headers="Content-Disposition: form-data; name=\"product[avatar]\"; filename=\"mastercard_cc.png\"\r\nContent-Type: image/png\r\n">, "description"=>"", "stock"=>"4"}, "commit"=>"Agregar Producto"}
  [1m[36mShoppingCart Load (0.1ms)[0m  [1m[34mSELECT  "shopping_carts".* FROM "shopping_carts" WHERE "shopping_carts"."id" = ? LIMIT ?[0m  [["id", 1], ["LIMIT", 1]]
  [1m[36mUser Load (0.1ms)[0m  [1m[34mSELECT  "users".* FROM "users" WHERE "users"."id" = ? ORDER BY "users"."id" ASC LIMIT ?[0m  [["id", 1], ["LIMIT", 1]]
Command :: file -b --mime '/tmp/ae69f786ebc187e19abb586ef174d4c620170222-4235-x4zsh1.png'
Command :: identify -format '%wx%h,%[exif:orientation]' '/tmp/ae69f786ebc187e19abb586ef174d4c620170222-4235-1xd9yz5.png[0]' 2>/dev/null
Command :: identify -format %m '/tmp/ae69f786ebc187e19abb586ef174d4c620170222-4235-1xd9yz5.png[0]'
Command :: convert '/tmp/ae69f786ebc187e19abb586ef174d4c620170222-4235-1xd9yz5.png[0]' -auto-orient -resize "300x300" '/tmp/46f938f680d1745c50c6b1aa95a76c5320170222-4235-wbnb2g'
Command :: identify -format '%wx%h,%[exif:orientation]' '/tmp/ae69f786ebc187e19abb586ef174d4c620170222-4235-1xd9yz5.png[0]' 2>/dev/null
Command :: identify -format %m '/tmp/ae69f786ebc187e19abb586ef174d4c620170222-4235-1xd9yz5.png[0]'
Command :: convert '/tmp/ae69f786ebc187e19abb586ef174d4c620170222-4235-1xd9yz5.png[0]' -auto-orient -resize "100x100" '/tmp/46f938f680d1745c50c6b1aa95a76c5320170222-4235-1cp0uqv'
  [1m[35m (0.1ms)[0m  [1m[36mbegin transaction[0m
Command :: file -b --mime '/tmp/ae69f786ebc187e19abb586ef174d4c620170222-4235-4z0jzy.png'
  [1m[35mSQL (0.5ms)[0m  [1m[32mINSERT INTO "products" ("name", "pricing", "description", "stock", "user_id", "avatar_file_name", "avatar_content_type", "avatar_file_size", "avatar_updated_at", "created_at", "updated_at", "categoria") VALUES (?, ?, ?, ?, ?, ?, ?, ?, ?, ?, ?, ?)[0m  [["name", "master"], ["pricing", 2], ["description", ""], ["stock", 4], ["user_id", 1], ["avatar_file_name", "mastercard_cc.png"], ["avatar_content_type", "image/png"], ["avatar_file_size", 21483], ["avatar_updated_at", 2017-02-22 16:41:09 UTC], ["created_at", 2017-02-22 16:41:09 UTC], ["updated_at", 2017-02-22 16:41:09 UTC], ["categoria", "card"]]
  [1m[35m (66.3ms)[0m  [1m[36mcommit transaction[0m
Redirected to http://localhost:3000/products/1
Completed 302 Found in 508ms (ActiveRecord: 67.1ms)


Started GET "/products/1" for 127.0.0.1 at 2017-02-22 13:41:10 -0300
Processing by ProductsController#show as HTML
  Parameters: {"id"=>"1"}
  [1m[36mShoppingCart Load (0.1ms)[0m  [1m[34mSELECT  "shopping_carts".* FROM "shopping_carts" WHERE "shopping_carts"."id" = ? LIMIT ?[0m  [["id", 1], ["LIMIT", 1]]
  [1m[36mProduct Load (0.1ms)[0m  [1m[34mSELECT  "products".* FROM "products" WHERE "products"."id" = ? LIMIT ?[0m  [["id", 1], ["LIMIT", 1]]
  [1m[36mUser Load (0.1ms)[0m  [1m[34mSELECT  "users".* FROM "users" WHERE "users"."id" = ? ORDER BY "users"."id" ASC LIMIT ?[0m  [["id", 1], ["LIMIT", 1]]
  [1m[36mUser Load (0.1ms)[0m  [1m[34mSELECT  "users".* FROM "users" WHERE "users"."id" = ? LIMIT ?[0m  [["id", 1], ["LIMIT", 1]]
  Rendering products/admin.haml within layouts/application
  Rendered products/admin.haml within layouts/application (2.3ms)
  [1m[35m (0.1ms)[0m  [1m[34mSELECT COUNT(*) FROM "products" INNER JOIN "in_shopping_carts" ON "products"."id" = "in_shopping_carts"."product_id" WHERE "in_shopping_carts"."shopping_cart_id" = ?[0m  [["shopping_cart_id", 1]]
  Rendered partials/_nav.haml (4.7ms)
Completed 200 OK in 42ms (Views: 39.1ms | ActiveRecord: 0.5ms)


Started GET "/products/1?client=true" for 127.0.0.1 at 2017-02-22 13:41:13 -0300
Processing by ProductsController#show as HTML
  Parameters: {"client"=>"true", "id"=>"1"}
  [1m[36mShoppingCart Load (0.5ms)[0m  [1m[34mSELECT  "shopping_carts".* FROM "shopping_carts" WHERE "shopping_carts"."id" = ? LIMIT ?[0m  [["id", 1], ["LIMIT", 1]]
  [1m[36mProduct Load (0.8ms)[0m  [1m[34mSELECT  "products".* FROM "products" WHERE "products"."id" = ? LIMIT ?[0m  [["id", 1], ["LIMIT", 1]]
  [1m[36mUser Load (0.1ms)[0m  [1m[34mSELECT  "users".* FROM "users" WHERE "users"."id" = ? ORDER BY "users"."id" ASC LIMIT ?[0m  [["id", 1], ["LIMIT", 1]]
  [1m[36mUser Load (0.2ms)[0m  [1m[34mSELECT  "users".* FROM "users" WHERE "users"."id" = ? LIMIT ?[0m  [["id", 1], ["LIMIT", 1]]
  Rendering products/admin.haml within layouts/application
  Rendered products/admin.haml within layouts/application (5.2ms)
  [1m[35m (0.1ms)[0m  [1m[34mSELECT COUNT(*) FROM "products" INNER JOIN "in_shopping_carts" ON "products"."id" = "in_shopping_carts"."product_id" WHERE "in_shopping_carts"."shopping_cart_id" = ?[0m  [["shopping_cart_id", 1]]
  Rendered partials/_nav.haml (4.9ms)
Completed 200 OK in 51ms (Views: 45.7ms | ActiveRecord: 1.8ms)


Started GET "/products/1?client=true" for 127.0.0.1 at 2017-02-22 13:41:15 -0300
Processing by ProductsController#show as HTML
  Parameters: {"client"=>"true", "id"=>"1"}
  [1m[36mShoppingCart Load (0.2ms)[0m  [1m[34mSELECT  "shopping_carts".* FROM "shopping_carts" WHERE "shopping_carts"."id" = ? LIMIT ?[0m  [["id", 1], ["LIMIT", 1]]
  [1m[36mProduct Load (0.2ms)[0m  [1m[34mSELECT  "products".* FROM "products" WHERE "products"."id" = ? LIMIT ?[0m  [["id", 1], ["LIMIT", 1]]
  [1m[36mUser Load (0.3ms)[0m  [1m[34mSELECT  "users".* FROM "users" WHERE "users"."id" = ? ORDER BY "users"."id" ASC LIMIT ?[0m  [["id", 1], ["LIMIT", 1]]
  [1m[36mUser Load (0.2ms)[0m  [1m[34mSELECT  "users".* FROM "users" WHERE "users"."id" = ? LIMIT ?[0m  [["id", 1], ["LIMIT", 1]]
  Rendering products/admin.haml within layouts/application
  Rendered products/admin.haml within layouts/application (3.1ms)
  [1m[35m (0.1ms)[0m  [1m[34mSELECT COUNT(*) FROM "products" INNER JOIN "in_shopping_carts" ON "products"."id" = "in_shopping_carts"."product_id" WHERE "in_shopping_carts"."shopping_cart_id" = ?[0m  [["shopping_cart_id", 1]]
  Rendered partials/_nav.haml (4.2ms)
Completed 200 OK in 46ms (Views: 40.0ms | ActiveRecord: 1.0ms)


Started GET "/products/1?client=true" for 127.0.0.1 at 2017-02-22 13:41:16 -0300
Processing by ProductsController#show as HTML
  Parameters: {"client"=>"true", "id"=>"1"}
  [1m[36mShoppingCart Load (0.2ms)[0m  [1m[34mSELECT  "shopping_carts".* FROM "shopping_carts" WHERE "shopping_carts"."id" = ? LIMIT ?[0m  [["id", 1], ["LIMIT", 1]]
  [1m[36mProduct Load (0.1ms)[0m  [1m[34mSELECT  "products".* FROM "products" WHERE "products"."id" = ? LIMIT ?[0m  [["id", 1], ["LIMIT", 1]]
  [1m[36mUser Load (0.1ms)[0m  [1m[34mSELECT  "users".* FROM "users" WHERE "users"."id" = ? ORDER BY "users"."id" ASC LIMIT ?[0m  [["id", 1], ["LIMIT", 1]]
  [1m[36mUser Load (0.2ms)[0m  [1m[34mSELECT  "users".* FROM "users" WHERE "users"."id" = ? LIMIT ?[0m  [["id", 1], ["LIMIT", 1]]
  Rendering products/admin.haml within layouts/application
  Rendered products/admin.haml within layouts/application (2.8ms)
  [1m[35m (0.1ms)[0m  [1m[34mSELECT COUNT(*) FROM "products" INNER JOIN "in_shopping_carts" ON "products"."id" = "in_shopping_carts"."product_id" WHERE "in_shopping_carts"."shopping_cart_id" = ?[0m  [["shopping_cart_id", 1]]
  Rendered partials/_nav.haml (3.9ms)
Completed 200 OK in 41ms (Views: 37.1ms | ActiveRecord: 0.7ms)


DEPRECATION WARNING: ActiveRecord::Base.raise_in_transactional_callbacks= is deprecated, has no effect and will be removed without replacement. (called from <top (required)> at /home/marcos/proyectosfinal/navajas/app/models/application_record.rb:1)
  [1m[36mActiveRecord::SchemaMigration Load (0.1ms)[0m  [1m[34mSELECT "schema_migrations".* FROM "schema_migrations"[0m
Migrating to CreateMyPayments (20170222160416)
  [1m[35m (0.2ms)[0m  [1m[36mbegin transaction[0m
  [1m[35m (0.2ms)[0m  [1m[35mCREATE TABLE "my_payments" ("id" INTEGER PRIMARY KEY AUTOINCREMENT NOT NULL, "email" varchar, "ip" varchar, "status" varchar, "fee" decimal, "paypal_id" varchar, "total" integer, "created_at" datetime NOT NULL, "updated_at" datetime NOT NULL)[0m
  [1m[35mSQL (0.1ms)[0m  [1m[32mINSERT INTO "schema_migrations" ("version") VALUES (?)[0m  [["version", "20170222160416"]]
  [1m[35m (159.6ms)[0m  [1m[36mcommit transaction[0m
Migrating to AddColumnShoppingCartIdToMyPayments (20170222160432)
  [1m[35m (0.1ms)[0m  [1m[36mbegin transaction[0m
  [1m[35m (0.2ms)[0m  [1m[35mALTER TABLE "my_payments" ADD "shopping_cart_id" integer[0m
  [1m[35m (0.0ms)[0m  [1m[34mselect sqlite_version(*)[0m
  [1m[35m (0.1ms)[0m  [1m[35mCREATE  INDEX "index_my_payments_on_shopping_cart_id" ON "my_payments" ("shopping_cart_id")[0m
  [1m[35mSQL (0.1ms)[0m  [1m[32mINSERT INTO "schema_migrations" ("version") VALUES (?)[0m  [["version", "20170222160432"]]
  [1m[35m (81.4ms)[0m  [1m[36mcommit transaction[0m
Migrating to AddAdminToUsers (20170222201340)
  [1m[35m (0.0ms)[0m  [1m[36mbegin transaction[0m
  [1m[35m (0.2ms)[0m  [1m[35mALTER TABLE "users" ADD "admin" boolean DEFAULT 'f'[0m
  [1m[35mSQL (0.1ms)[0m  [1m[32mINSERT INTO "schema_migrations" ("version") VALUES (?)[0m  [["version", "20170222201340"]]
  [1m[35m (69.6ms)[0m  [1m[36mcommit transaction[0m
  [1m[36mActiveRecord::InternalMetadata Load (0.1ms)[0m  [1m[34mSELECT  "ar_internal_metadata".* FROM "ar_internal_metadata" WHERE "ar_internal_metadata"."key" = ? LIMIT ?[0m  [["key", :environment], ["LIMIT", 1]]
  [1m[35m (0.0ms)[0m  [1m[36mbegin transaction[0m
  [1m[35m (0.0ms)[0m  [1m[36mcommit transaction[0m
  [1m[36mActiveRecord::SchemaMigration Load (0.1ms)[0m  [1m[34mSELECT "schema_migrations".* FROM "schema_migrations"[0m
  [1m[35m (0.1ms)[0m  [1m[34m            SELECT sql
            FROM sqlite_master
            WHERE name='index_in_shopping_carts_on_shopping_cart_id' AND type='index'
            UNION ALL
            SELECT sql
            FROM sqlite_temp_master
            WHERE name='index_in_shopping_carts_on_shopping_cart_id' AND type='index'
[0m
  [1m[35m (0.1ms)[0m  [1m[34m            SELECT sql
            FROM sqlite_master
            WHERE name='index_in_shopping_carts_on_product_id' AND type='index'
            UNION ALL
            SELECT sql
            FROM sqlite_temp_master
            WHERE name='index_in_shopping_carts_on_product_id' AND type='index'
[0m
  [1m[35m (0.1ms)[0m  [1m[34m            SELECT sql
            FROM sqlite_master
            WHERE name='index_my_payments_on_shopping_cart_id' AND type='index'
            UNION ALL
            SELECT sql
            FROM sqlite_temp_master
            WHERE name='index_my_payments_on_shopping_cart_id' AND type='index'
[0m
  [1m[35m (0.1ms)[0m  [1m[34m            SELECT sql
            FROM sqlite_master
            WHERE name='index_products_on_user_id' AND type='index'
            UNION ALL
            SELECT sql
            FROM sqlite_temp_master
            WHERE name='index_products_on_user_id' AND type='index'
[0m
  [1m[35m (0.1ms)[0m  [1m[34m            SELECT sql
            FROM sqlite_master
            WHERE name='index_shopping_carts_on_user_id' AND type='index'
            UNION ALL
            SELECT sql
            FROM sqlite_temp_master
            WHERE name='index_shopping_carts_on_user_id' AND type='index'
[0m
  [1m[35m (0.1ms)[0m  [1m[34m            SELECT sql
            FROM sqlite_master
            WHERE name='index_users_on_reset_password_token' AND type='index'
            UNION ALL
            SELECT sql
            FROM sqlite_temp_master
            WHERE name='index_users_on_reset_password_token' AND type='index'
[0m
  [1m[35m (0.1ms)[0m  [1m[34m            SELECT sql
            FROM sqlite_master
            WHERE name='index_users_on_email' AND type='index'
            UNION ALL
            SELECT sql
            FROM sqlite_temp_master
            WHERE name='index_users_on_email' AND type='index'
[0m
DEPRECATION WARNING: ActiveRecord::Base.raise_in_transactional_callbacks= is deprecated, has no effect and will be removed without replacement. (called from <top (required)> at /home/marcos/proyectosfinal/navajas/app/models/application_record.rb:1)
Started GET "/" for 127.0.0.1 at 2017-02-23 17:13:43 -0300
  [1m[36mActiveRecord::SchemaMigration Load (0.1ms)[0m  [1m[34mSELECT "schema_migrations".* FROM "schema_migrations"[0m
Processing by WelcomeController#unregistered as HTML
  [1m[35m (0.0ms)[0m  [1m[36mbegin transaction[0m
  [1m[35mSQL (1.0ms)[0m  [1m[32mINSERT INTO "shopping_carts" ("ip", "created_at", "updated_at") VALUES (?, ?, ?)[0m  [["ip", "127.0.0.1"], ["created_at", 2017-02-23 20:13:43 UTC], ["updated_at", 2017-02-23 20:13:43 UTC]]
  [1m[35m (59.1ms)[0m  [1m[36mcommit transaction[0m
  Rendering welcome/unregistered.haml within layouts/landing
  Rendered welcome/unregistered.haml within layouts/landing (1159.8ms)
Completed 200 OK in 1353ms (Views: 1283.5ms | ActiveRecord: 60.5ms)


Started GET "/auto/sign_in" for 127.0.0.1 at 2017-02-23 17:14:52 -0300
Processing by Devise::SessionsController#new as HTML
  [1m[36mShoppingCart Load (0.5ms)[0m  [1m[34mSELECT  "shopping_carts".* FROM "shopping_carts" WHERE "shopping_carts"."id" = ? LIMIT ?[0m  [["id", 2], ["LIMIT", 1]]
  Rendering devise/sessions/new.html.erb within layouts/application
  Rendered devise/shared/_links.html.erb (1.1ms)
  Rendered devise/sessions/new.html.erb within layouts/application (118.8ms)
  [1m[35m (0.1ms)[0m  [1m[34mSELECT COUNT(*) FROM "products" INNER JOIN "in_shopping_carts" ON "products"."id" = "in_shopping_carts"."product_id" WHERE "in_shopping_carts"."shopping_cart_id" = ?[0m  [["shopping_cart_id", 2]]
  Rendered partials/_nav.haml (45.0ms)
Completed 200 OK in 281ms (Views: 237.1ms | ActiveRecord: 1.8ms)


Started GET "/auto/register/sign_up" for 127.0.0.1 at 2017-02-23 17:14:57 -0300
Processing by Devise::RegistrationsController#new as HTML
  [1m[36mShoppingCart Load (0.3ms)[0m  [1m[34mSELECT  "shopping_carts".* FROM "shopping_carts" WHERE "shopping_carts"."id" = ? LIMIT ?[0m  [["id", 2], ["LIMIT", 1]]
  Rendering devise/registrations/new.html.erb within layouts/application
  Rendered devise/shared/_links.html.erb (0.7ms)
  Rendered devise/registrations/new.html.erb within layouts/application (3.0ms)
  [1m[35m (0.2ms)[0m  [1m[34mSELECT COUNT(*) FROM "products" INNER JOIN "in_shopping_carts" ON "products"."id" = "in_shopping_carts"."product_id" WHERE "in_shopping_carts"."shopping_cart_id" = ?[0m  [["shopping_cart_id", 2]]
  Rendered partials/_nav.haml (5.0ms)
Completed 200 OK in 39ms (Views: 37.7ms | ActiveRecord: 0.5ms)


Started GET "/auto/register/adnub" for 127.0.0.1 at 2017-02-23 17:15:01 -0300
  
ActionController::RoutingError (No route matches [GET] "/auto/register/adnub"):
  
actionpack (5.0.1) lib/action_dispatch/middleware/debug_exceptions.rb:53:in `call'
web-console (3.4.0) lib/web_console/middleware.rb:135:in `call_app'
web-console (3.4.0) lib/web_console/middleware.rb:28:in `block in call'
web-console (3.4.0) lib/web_console/middleware.rb:18:in `catch'
web-console (3.4.0) lib/web_console/middleware.rb:18:in `call'
actionpack (5.0.1) lib/action_dispatch/middleware/show_exceptions.rb:31:in `call'
railties (5.0.1) lib/rails/rack/logger.rb:36:in `call_app'
railties (5.0.1) lib/rails/rack/logger.rb:24:in `block in call'
activesupport (5.0.1) lib/active_support/tagged_logging.rb:69:in `block in tagged'
activesupport (5.0.1) lib/active_support/tagged_logging.rb:26:in `tagged'
activesupport (5.0.1) lib/active_support/tagged_logging.rb:69:in `tagged'
railties (5.0.1) lib/rails/rack/logger.rb:24:in `call'
sprockets-rails (3.2.0) lib/sprockets/rails/quiet_assets.rb:13:in `call'
actionpack (5.0.1) lib/action_dispatch/middleware/request_id.rb:24:in `call'
rack (2.0.1) lib/rack/method_override.rb:22:in `call'
rack (2.0.1) lib/rack/runtime.rb:22:in `call'
activesupport (5.0.1) lib/active_support/cache/strategy/local_cache_middleware.rb:28:in `call'
actionpack (5.0.1) lib/action_dispatch/middleware/executor.rb:12:in `call'
actionpack (5.0.1) lib/action_dispatch/middleware/static.rb:136:in `call'
rack (2.0.1) lib/rack/sendfile.rb:111:in `call'
railties (5.0.1) lib/rails/engine.rb:522:in `call'
puma (3.7.1) lib/puma/configuration.rb:232:in `call'
puma (3.7.1) lib/puma/server.rb:578:in `handle_request'
puma (3.7.1) lib/puma/server.rb:415:in `process_client'
puma (3.7.1) lib/puma/server.rb:275:in `block in run'
puma (3.7.1) lib/puma/thread_pool.rb:120:in `block in spawn_thread'
  Rendering /usr/local/lib/ruby/gems/2.3.0/gems/actionpack-5.0.1/lib/action_dispatch/middleware/templates/rescues/routing_error.html.erb within rescues/layout
  Rendering /usr/local/lib/ruby/gems/2.3.0/gems/actionpack-5.0.1/lib/action_dispatch/middleware/templates/rescues/_trace.html.erb
  Rendered /usr/local/lib/ruby/gems/2.3.0/gems/actionpack-5.0.1/lib/action_dispatch/middleware/templates/rescues/_trace.html.erb (0.8ms)
  Rendered collection of /usr/local/lib/ruby/gems/2.3.0/gems/actionpack-5.0.1/lib/action_dispatch/middleware/templates/routes/_route.html.erb [38 times] (23.9ms)
  Rendered /usr/local/lib/ruby/gems/2.3.0/gems/actionpack-5.0.1/lib/action_dispatch/middleware/templates/routes/_table.html.erb (10.6ms)
  Rendering /usr/local/lib/ruby/gems/2.3.0/gems/actionpack-5.0.1/lib/action_dispatch/middleware/templates/rescues/_request_and_response.html.erb
  Rendered /usr/local/lib/ruby/gems/2.3.0/gems/actionpack-5.0.1/lib/action_dispatch/middleware/templates/rescues/_request_and_response.html.erb (0.9ms)
  Rendered /usr/local/lib/ruby/gems/2.3.0/gems/actionpack-5.0.1/lib/action_dispatch/middleware/templates/rescues/routing_error.html.erb within rescues/layout (57.8ms)
Started GET "/auto/register/admin" for 127.0.0.1 at 2017-02-23 17:15:05 -0300
  
ActionController::RoutingError (No route matches [GET] "/auto/register/admin"):
  
actionpack (5.0.1) lib/action_dispatch/middleware/debug_exceptions.rb:53:in `call'
web-console (3.4.0) lib/web_console/middleware.rb:135:in `call_app'
web-console (3.4.0) lib/web_console/middleware.rb:28:in `block in call'
web-console (3.4.0) lib/web_console/middleware.rb:18:in `catch'
web-console (3.4.0) lib/web_console/middleware.rb:18:in `call'
actionpack (5.0.1) lib/action_dispatch/middleware/show_exceptions.rb:31:in `call'
railties (5.0.1) lib/rails/rack/logger.rb:36:in `call_app'
railties (5.0.1) lib/rails/rack/logger.rb:24:in `block in call'
activesupport (5.0.1) lib/active_support/tagged_logging.rb:69:in `block in tagged'
activesupport (5.0.1) lib/active_support/tagged_logging.rb:26:in `tagged'
activesupport (5.0.1) lib/active_support/tagged_logging.rb:69:in `tagged'
railties (5.0.1) lib/rails/rack/logger.rb:24:in `call'
sprockets-rails (3.2.0) lib/sprockets/rails/quiet_assets.rb:13:in `call'
actionpack (5.0.1) lib/action_dispatch/middleware/request_id.rb:24:in `call'
rack (2.0.1) lib/rack/method_override.rb:22:in `call'
rack (2.0.1) lib/rack/runtime.rb:22:in `call'
activesupport (5.0.1) lib/active_support/cache/strategy/local_cache_middleware.rb:28:in `call'
actionpack (5.0.1) lib/action_dispatch/middleware/executor.rb:12:in `call'
actionpack (5.0.1) lib/action_dispatch/middleware/static.rb:136:in `call'
rack (2.0.1) lib/rack/sendfile.rb:111:in `call'
railties (5.0.1) lib/rails/engine.rb:522:in `call'
puma (3.7.1) lib/puma/configuration.rb:232:in `call'
puma (3.7.1) lib/puma/server.rb:578:in `handle_request'
puma (3.7.1) lib/puma/server.rb:415:in `process_client'
puma (3.7.1) lib/puma/server.rb:275:in `block in run'
puma (3.7.1) lib/puma/thread_pool.rb:120:in `block in spawn_thread'
  Rendering /usr/local/lib/ruby/gems/2.3.0/gems/actionpack-5.0.1/lib/action_dispatch/middleware/templates/rescues/routing_error.html.erb within rescues/layout
  Rendering /usr/local/lib/ruby/gems/2.3.0/gems/actionpack-5.0.1/lib/action_dispatch/middleware/templates/rescues/_trace.html.erb
  Rendered /usr/local/lib/ruby/gems/2.3.0/gems/actionpack-5.0.1/lib/action_dispatch/middleware/templates/rescues/_trace.html.erb (0.7ms)
  Rendered collection of /usr/local/lib/ruby/gems/2.3.0/gems/actionpack-5.0.1/lib/action_dispatch/middleware/templates/routes/_route.html.erb [38 times] (6.8ms)
  Rendered /usr/local/lib/ruby/gems/2.3.0/gems/actionpack-5.0.1/lib/action_dispatch/middleware/templates/routes/_table.html.erb (0.9ms)
  Rendering /usr/local/lib/ruby/gems/2.3.0/gems/actionpack-5.0.1/lib/action_dispatch/middleware/templates/rescues/_request_and_response.html.erb
  Rendered /usr/local/lib/ruby/gems/2.3.0/gems/actionpack-5.0.1/lib/action_dispatch/middleware/templates/rescues/_request_and_response.html.erb (0.7ms)
  Rendered /usr/local/lib/ruby/gems/2.3.0/gems/actionpack-5.0.1/lib/action_dispatch/middleware/templates/rescues/routing_error.html.erb within rescues/layout (24.7ms)
Started GET "/auto/register/administrador" for 127.0.0.1 at 2017-02-23 17:15:10 -0300
  
ActionController::RoutingError (No route matches [GET] "/auto/register/administrador"):
  
actionpack (5.0.1) lib/action_dispatch/middleware/debug_exceptions.rb:53:in `call'
web-console (3.4.0) lib/web_console/middleware.rb:135:in `call_app'
web-console (3.4.0) lib/web_console/middleware.rb:28:in `block in call'
web-console (3.4.0) lib/web_console/middleware.rb:18:in `catch'
web-console (3.4.0) lib/web_console/middleware.rb:18:in `call'
actionpack (5.0.1) lib/action_dispatch/middleware/show_exceptions.rb:31:in `call'
railties (5.0.1) lib/rails/rack/logger.rb:36:in `call_app'
railties (5.0.1) lib/rails/rack/logger.rb:24:in `block in call'
activesupport (5.0.1) lib/active_support/tagged_logging.rb:69:in `block in tagged'
activesupport (5.0.1) lib/active_support/tagged_logging.rb:26:in `tagged'
activesupport (5.0.1) lib/active_support/tagged_logging.rb:69:in `tagged'
railties (5.0.1) lib/rails/rack/logger.rb:24:in `call'
sprockets-rails (3.2.0) lib/sprockets/rails/quiet_assets.rb:13:in `call'
actionpack (5.0.1) lib/action_dispatch/middleware/request_id.rb:24:in `call'
rack (2.0.1) lib/rack/method_override.rb:22:in `call'
rack (2.0.1) lib/rack/runtime.rb:22:in `call'
activesupport (5.0.1) lib/active_support/cache/strategy/local_cache_middleware.rb:28:in `call'
actionpack (5.0.1) lib/action_dispatch/middleware/executor.rb:12:in `call'
actionpack (5.0.1) lib/action_dispatch/middleware/static.rb:136:in `call'
rack (2.0.1) lib/rack/sendfile.rb:111:in `call'
railties (5.0.1) lib/rails/engine.rb:522:in `call'
puma (3.7.1) lib/puma/configuration.rb:232:in `call'
puma (3.7.1) lib/puma/server.rb:578:in `handle_request'
puma (3.7.1) lib/puma/server.rb:415:in `process_client'
puma (3.7.1) lib/puma/server.rb:275:in `block in run'
puma (3.7.1) lib/puma/thread_pool.rb:120:in `block in spawn_thread'
  Rendering /usr/local/lib/ruby/gems/2.3.0/gems/actionpack-5.0.1/lib/action_dispatch/middleware/templates/rescues/routing_error.html.erb within rescues/layout
  Rendering /usr/local/lib/ruby/gems/2.3.0/gems/actionpack-5.0.1/lib/action_dispatch/middleware/templates/rescues/_trace.html.erb
  Rendered /usr/local/lib/ruby/gems/2.3.0/gems/actionpack-5.0.1/lib/action_dispatch/middleware/templates/rescues/_trace.html.erb (0.7ms)
  Rendered collection of /usr/local/lib/ruby/gems/2.3.0/gems/actionpack-5.0.1/lib/action_dispatch/middleware/templates/routes/_route.html.erb [38 times] (7.4ms)
  Rendered /usr/local/lib/ruby/gems/2.3.0/gems/actionpack-5.0.1/lib/action_dispatch/middleware/templates/routes/_table.html.erb (0.9ms)
  Rendering /usr/local/lib/ruby/gems/2.3.0/gems/actionpack-5.0.1/lib/action_dispatch/middleware/templates/rescues/_request_and_response.html.erb
  Rendered /usr/local/lib/ruby/gems/2.3.0/gems/actionpack-5.0.1/lib/action_dispatch/middleware/templates/rescues/_request_and_response.html.erb (0.8ms)
  Rendered /usr/local/lib/ruby/gems/2.3.0/gems/actionpack-5.0.1/lib/action_dispatch/middleware/templates/rescues/routing_error.html.erb within rescues/layout (25.1ms)
DEPRECATION WARNING: ActiveRecord::Base.raise_in_transactional_callbacks= is deprecated, has no effect and will be removed without replacement. (called from <top (required)> at /home/marcos/proyectosfinal/navajas/app/models/application_record.rb:1)
Started GET "/" for 127.0.0.1 at 2017-02-23 17:26:54 -0300
  [1m[36mActiveRecord::SchemaMigration Load (0.1ms)[0m  [1m[34mSELECT "schema_migrations".* FROM "schema_migrations"[0m
Processing by WelcomeController#unregistered as HTML
  [1m[35m (0.0ms)[0m  [1m[36mbegin transaction[0m
  [1m[35mSQL (0.3ms)[0m  [1m[32mINSERT INTO "shopping_carts" ("ip", "created_at", "updated_at") VALUES (?, ?, ?)[0m  [["ip", "127.0.0.1"], ["created_at", 2017-02-23 20:26:54 UTC], ["updated_at", 2017-02-23 20:26:54 UTC]]
  [1m[35m (71.2ms)[0m  [1m[36mcommit transaction[0m
  Rendering welcome/unregistered.haml within layouts/landing
  Rendered welcome/unregistered.haml within layouts/landing (185.5ms)
Completed 200 OK in 340ms (Views: 257.6ms | ActiveRecord: 71.9ms)


Started GET "/" for 127.0.0.1 at 2017-02-23 17:27:00 -0300
Processing by WelcomeController#unregistered as HTML
  [1m[36mShoppingCart Load (0.5ms)[0m  [1m[34mSELECT  "shopping_carts".* FROM "shopping_carts" WHERE "shopping_carts"."id" = ? LIMIT ?[0m  [["id", 3], ["LIMIT", 1]]
  Rendering welcome/unregistered.haml within layouts/landing
  Rendered welcome/unregistered.haml within layouts/landing (22.1ms)
Completed 200 OK in 62ms (Views: 57.1ms | ActiveRecord: 0.5ms)


DEPRECATION WARNING: ActiveRecord::Base.raise_in_transactional_callbacks= is deprecated, has no effect and will be removed without replacement. (called from <top (required)> at /home/marcos/Escritorio/wea/app/models/application_record.rb:1)
Started GET "/" for 127.0.0.1 at 2017-02-23 17:38:19 -0300
  [1m[36mActiveRecord::SchemaMigration Load (0.1ms)[0m  [1m[34mSELECT "schema_migrations".* FROM "schema_migrations"[0m
Processing by WelcomeController#unregistered as HTML
  [1m[36mShoppingCart Load (0.1ms)[0m  [1m[34mSELECT  "shopping_carts".* FROM "shopping_carts" WHERE "shopping_carts"."id" = ? LIMIT ?[0m  [["id", 3], ["LIMIT", 1]]
  Rendering welcome/unregistered.haml within layouts/landing
  Rendered welcome/unregistered.haml within layouts/landing (176.1ms)
Completed 200 OK in 252ms (Views: 241.5ms | ActiveRecord: 0.5ms)


DEPRECATION WARNING: ActiveRecord::Base.raise_in_transactional_callbacks= is deprecated, has no effect and will be removed without replacement. (called from <top (required)> at /home/marcos/proyectosfinal/marcos/app/models/application_record.rb:1)
Started GET "/" for 127.0.0.1 at 2017-02-23 17:42:00 -0300
  [1m[36mActiveRecord::SchemaMigration Load (0.1ms)[0m  [1m[34mSELECT "schema_migrations".* FROM "schema_migrations"[0m
Processing by WelcomeController#unregistered as HTML
  [1m[36mShoppingCart Load (0.1ms)[0m  [1m[34mSELECT  "shopping_carts".* FROM "shopping_carts" WHERE "shopping_carts"."id" = ? LIMIT ?[0m  [["id", 3], ["LIMIT", 1]]
  Rendering welcome/unregistered.haml within layouts/landing
  Rendered welcome/unregistered.haml within layouts/landing (173.0ms)
Completed 200 OK in 251ms (Views: 240.9ms | ActiveRecord: 0.6ms)


Started GET "/" for 127.0.0.1 at 2017-02-23 17:42:05 -0300
Processing by WelcomeController#unregistered as HTML
  [1m[36mShoppingCart Load (0.1ms)[0m  [1m[34mSELECT  "shopping_carts".* FROM "shopping_carts" WHERE "shopping_carts"."id" = ? LIMIT ?[0m  [["id", 3], ["LIMIT", 1]]
  Rendering welcome/unregistered.haml within layouts/landing
  Rendered welcome/unregistered.haml within layouts/landing (9.7ms)
Completed 200 OK in 69ms (Views: 68.2ms | ActiveRecord: 0.1ms)


